Mono runtime detected.
Operating system: Unix 6.1.0.28
Opening INI file "/home/katsushimi/Documents/GitHub/Sonic 1 Mark-V Disasm/ArrisuSonic1/GM LEVEL/SonLVL.ini"...
Game type is S1.
Loading Green Hill 1 (Layers A+B)...
Loading 16x16 blocks from file "Data/Blocks/blks GHZ.bin", using compression Uncompressed...
Loading 8x8 tiles from file "Data/Art/artlvl GHZ1.nem", using compression Nemesis...
Loading palette file "Data/Palettes/Sonic TEMP.bin"...
Source: 0 Destination: 0 Length: 16
Loading 256x256 chunks from file "Data/Chunks/chunks GHZ.kos", using compression Kosinski...
Loading palette file "Data/Palettes/Green Hill.bin"...
Source: 0 Destination: 16 Length: 48
Loading FG layout from file "Layout/GHZ/GHZ1_A.bin", using compression Uncompressed...
Loading BG layout from file "Layout/GHZ/GHZ1_B.bin", using compression Uncompressed...
Loading FG layout from file "Layout/GHZ/GHZ1_Z.bin", using compression Uncompressed...
Loading 8x8 tiles from file "Data/Art/artlvl GHZ2.nem", using compression Nemesis...
Object file "Objects/Layout/GHZ1_A.bin" not found.
Drawing block bitmaps...
Drawing chunk bitmaps...
Level loaded in 0.2319854 second(s).
Load completed.
System.IndexOutOfRangeException: Index was outside the bounds of the array.
  at SonicRetro.SonLVL.GUI.MainForm.TilePicture_MouseMove (System.Object sender, System.Windows.Forms.MouseEventArgs e) [0x0006c] in <7c6de25bf60e46838b82cb7015a1ef31>:0 
  at System.Windows.Forms.Control.OnMouseMove (System.Windows.Forms.MouseEventArgs e) [0x0001c] in <a3daa9b84fd241a497578a25f68bc3c7>:0 
  at System.Windows.Forms.Control.WmMouseMove (System.Windows.Forms.Message& m) [0x000ae] in <a3daa9b84fd241a497578a25f68bc3c7>:0 
  at System.Windows.Forms.Control.WndProc (System.Windows.Forms.Message& m) [0x001c7] in <a3daa9b84fd241a497578a25f68bc3c7>:0 
  at System.Windows.Forms.ScrollableControl.WndProc (System.Windows.Forms.Message& m) [0x00000] in <a3daa9b84fd241a497578a25f68bc3c7>:0 
  at System.Windows.Forms.Control+ControlWindowTarget.OnMessage (System.Windows.Forms.Message& m) [0x00000] in <a3daa9b84fd241a497578a25f68bc3c7>:0 
  at System.Windows.Forms.Control+ControlNativeWindow.WndProc (System.Windows.Forms.Message& m) [0x0000b] in <a3daa9b84fd241a497578a25f68bc3c7>:0 
  at System.Windows.Forms.NativeWindow.WndProc (System.IntPtr hWnd, System.Windows.Forms.Msg msg, System.IntPtr wParam, System.IntPtr lParam) [0x0008e] in <a3daa9b84fd241a497578a25f68bc3c7>:0 
System.IndexOutOfRangeException: Index was outside the bounds of the array.
  at SonicRetro.SonLVL.GUI.MainForm.TilePicture_MouseDown (System.Object sender, System.Windows.Forms.MouseEventArgs e) [0x00047] in <7c6de25bf60e46838b82cb7015a1ef31>:0 
  at System.Windows.Forms.Control.OnMouseDown (System.Windows.Forms.MouseEventArgs e) [0x0001c] in <a3daa9b84fd241a497578a25f68bc3c7>:0 
  at System.Windows.Forms.Control.WmLButtonDown (System.Windows.Forms.Message& m) [0x00097] in <a3daa9b84fd241a497578a25f68bc3c7>:0 
  at System.Windows.Forms.Control.WndProc (System.Windows.Forms.Message& m) [0x00177] in <a3daa9b84fd241a497578a25f68bc3c7>:0 
  at System.Windows.Forms.ScrollableControl.WndProc (System.Windows.Forms.Message& m) [0x00000] in <a3daa9b84fd241a497578a25f68bc3c7>:0 
  at System.Windows.Forms.Control+ControlWindowTarget.OnMessage (System.Windows.Forms.Message& m) [0x00000] in <a3daa9b84fd241a497578a25f68bc3c7>:0 
  at System.Windows.Forms.Control+ControlNativeWindow.WndProc (System.Windows.Forms.Message& m) [0x0000b] in <a3daa9b84fd241a497578a25f68bc3c7>:0 
  at System.Windows.Forms.NativeWindow.WndProc (System.IntPtr hWnd, System.Windows.Forms.Msg msg, System.IntPtr wParam, System.IntPtr lParam) [0x0008e] in <a3daa9b84fd241a497578a25f68bc3c7>:0 
System.IndexOutOfRangeException: Index was outside the bounds of the array.
  at SonicRetro.SonLVL.GUI.MainForm.TilePicture_MouseDown (System.Object sender, System.Windows.Forms.MouseEventArgs e) [0x00047] in <7c6de25bf60e46838b82cb7015a1ef31>:0 
  at System.Windows.Forms.Control.OnMouseDown (System.Windows.Forms.MouseEventArgs e) [0x0001c] in <a3daa9b84fd241a497578a25f68bc3c7>:0 
  at System.Windows.Forms.Control.WmLButtonDown (System.Windows.Forms.Message& m) [0x00097] in <a3daa9b84fd241a497578a25f68bc3c7>:0 
  at System.Windows.Forms.Control.WndProc (System.Windows.Forms.Message& m) [0x00177] in <a3daa9b84fd241a497578a25f68bc3c7>:0 
  at System.Windows.Forms.ScrollableControl.WndProc (System.Windows.Forms.Message& m) [0x00000] in <a3daa9b84fd241a497578a25f68bc3c7>:0 
  at System.Windows.Forms.Control+ControlWindowTarget.OnMessage (System.Windows.Forms.Message& m) [0x00000] in <a3daa9b84fd241a497578a25f68bc3c7>:0 
  at System.Windows.Forms.Control+ControlNativeWindow.WndProc (System.Windows.Forms.Message& m) [0x0000b] in <a3daa9b84fd241a497578a25f68bc3c7>:0 
  at System.Windows.Forms.NativeWindow.WndProc (System.IntPtr hWnd, System.Windows.Forms.Msg msg, System.IntPtr wParam, System.IntPtr lParam) [0x0008e] in <a3daa9b84fd241a497578a25f68bc3c7>:0 
System.IndexOutOfRangeException: Index was outside the bounds of the array.
  at SonicRetro.SonLVL.GUI.MainForm.TilePicture_MouseDown (System.Object sender, System.Windows.Forms.MouseEventArgs e) [0x00047] in <7c6de25bf60e46838b82cb7015a1ef31>:0 
  at System.Windows.Forms.Control.OnMouseDown (System.Windows.Forms.MouseEventArgs e) [0x0001c] in <a3daa9b84fd241a497578a25f68bc3c7>:0 
  at System.Windows.Forms.Control.WmLButtonDown (System.Windows.Forms.Message& m) [0x00097] in <a3daa9b84fd241a497578a25f68bc3c7>:0 
  at System.Windows.Forms.Control.WndProc (System.Windows.Forms.Message& m) [0x00177] in <a3daa9b84fd241a497578a25f68bc3c7>:0 
  at System.Windows.Forms.ScrollableControl.WndProc (System.Windows.Forms.Message& m) [0x00000] in <a3daa9b84fd241a497578a25f68bc3c7>:0 
  at System.Windows.Forms.Control+ControlWindowTarget.OnMessage (System.Windows.Forms.Message& m) [0x00000] in <a3daa9b84fd241a497578a25f68bc3c7>:0 
  at System.Windows.Forms.Control+ControlNativeWindow.WndProc (System.Windows.Forms.Message& m) [0x0000b] in <a3daa9b84fd241a497578a25f68bc3c7>:0 
  at System.Windows.Forms.NativeWindow.WndProc (System.IntPtr hWnd, System.Windows.Forms.Msg msg, System.IntPtr wParam, System.IntPtr lParam) [0x0008e] in <a3daa9b84fd241a497578a25f68bc3c7>:0 
System.IndexOutOfRangeException: Index was outside the bounds of the array.
  at SonicRetro.SonLVL.GUI.MainForm.BlockPicture_MouseDown (System.Object sender, System.Windows.Forms.MouseEventArgs e) [0x00097] in <7c6de25bf60e46838b82cb7015a1ef31>:0 
  at System.Windows.Forms.Control.OnMouseDown (System.Windows.Forms.MouseEventArgs e) [0x0001c] in <a3daa9b84fd241a497578a25f68bc3c7>:0 
  at System.Windows.Forms.UserControl.OnMouseDown (System.Windows.Forms.MouseEventArgs e) [0x00000] in <a3daa9b84fd241a497578a25f68bc3c7>:0 
  at System.Windows.Forms.Control.WmRButtonDown (System.Windows.Forms.Message& m) [0x00072] in <a3daa9b84fd241a497578a25f68bc3c7>:0 
  at System.Windows.Forms.Control.WndProc (System.Windows.Forms.Message& m) [0x001a7] in <a3daa9b84fd241a497578a25f68bc3c7>:0 
  at System.Windows.Forms.ScrollableControl.WndProc (System.Windows.Forms.Message& m) [0x00000] in <a3daa9b84fd241a497578a25f68bc3c7>:0 
  at System.Windows.Forms.ContainerControl.WndProc (System.Windows.Forms.Message& m) [0x0003c] in <a3daa9b84fd241a497578a25f68bc3c7>:0 
  at System.Windows.Forms.UserControl.WndProc (System.Windows.Forms.Message& m) [0x00036] in <a3daa9b84fd241a497578a25f68bc3c7>:0 
  at System.Windows.Forms.Control+ControlWindowTarget.OnMessage (System.Windows.Forms.Message& m) [0x00000] in <a3daa9b84fd241a497578a25f68bc3c7>:0 
  at System.Windows.Forms.Control+ControlNativeWindow.WndProc (System.Windows.Forms.Message& m) [0x0000b] in <a3daa9b84fd241a497578a25f68bc3c7>:0 
  at System.Windows.Forms.NativeWindow.WndProc (System.IntPtr hWnd, System.Windows.Forms.Msg msg, System.IntPtr wParam, System.IntPtr lParam) [0x0008e] in <a3daa9b84fd241a497578a25f68bc3c7>:0 
System.NullReferenceException: Object reference not set to an instance of an object
  at SonicRetro.SonLVL.GUI.MainForm.pasteChunkBlocksToolStripMenuItem_Click (System.Object sender, System.EventArgs e) [0x000b6] in <7c6de25bf60e46838b82cb7015a1ef31>:0 
  at System.Windows.Forms.ToolStripItem.OnClick (System.EventArgs e) [0x0001c] in <a3daa9b84fd241a497578a25f68bc3c7>:0 
  at System.Windows.Forms.ToolStripMenuItem.OnClick (System.EventArgs e) [0x000a5] in <a3daa9b84fd241a497578a25f68bc3c7>:0 
  at System.Windows.Forms.ToolStripMenuItem.HandleClick (System.Int32 mouse_clicks, System.EventArgs e) [0x00000] in <a3daa9b84fd241a497578a25f68bc3c7>:0 
  at System.Windows.Forms.ToolStripItem.FireEvent (System.EventArgs e, System.Windows.Forms.ToolStripItemEventType met) [0x00061] in <a3daa9b84fd241a497578a25f68bc3c7>:0 
  at (wrapper remoting-invoke-with-check) System.Windows.Forms.ToolStripItem.FireEvent(System.EventArgs,System.Windows.Forms.ToolStripItemEventType)
  at System.Windows.Forms.ToolStrip.OnMouseUp (System.Windows.Forms.MouseEventArgs mea) [0x00057] in <a3daa9b84fd241a497578a25f68bc3c7>:0 
  at System.Windows.Forms.ToolStripDropDown.OnMouseUp (System.Windows.Forms.MouseEventArgs mea) [0x00000] in <a3daa9b84fd241a497578a25f68bc3c7>:0 
  at System.Windows.Forms.Control.WmLButtonUp (System.Windows.Forms.Message& m) [0x0007e] in <a3daa9b84fd241a497578a25f68bc3c7>:0 
  at System.Windows.Forms.Control.WndProc (System.Windows.Forms.Message& m) [0x0016f] in <a3daa9b84fd241a497578a25f68bc3c7>:0 
  at System.Windows.Forms.ScrollableControl.WndProc (System.Windows.Forms.Message& m) [0x00000] in <a3daa9b84fd241a497578a25f68bc3c7>:0 
  at System.Windows.Forms.ToolStrip.WndProc (System.Windows.Forms.Message& m) [0x00000] in <a3daa9b84fd241a497578a25f68bc3c7>:0 
  at System.Windows.Forms.ToolStripDropDown.WndProc (System.Windows.Forms.Message& m) [0x0001a] in <a3daa9b84fd241a497578a25f68bc3c7>:0 
  at System.Windows.Forms.Control+ControlWindowTarget.OnMessage (System.Windows.Forms.Message& m) [0x00000] in <a3daa9b84fd241a497578a25f68bc3c7>:0 
  at System.Windows.Forms.Control+ControlNativeWindow.WndProc (System.Windows.Forms.Message& m) [0x0000b] in <a3daa9b84fd241a497578a25f68bc3c7>:0 
  at System.Windows.Forms.NativeWindow.WndProc (System.IntPtr hWnd, System.Windows.Forms.Msg msg, System.IntPtr wParam, System.IntPtr lParam) [0x0008e] in <a3daa9b84fd241a497578a25f68bc3c7>:0 
Saving Green Hill 1 (Layers A+B)...
Saving Green Hill 1 (Layers A+B)...
Saving Green Hill 1 (Layers A+B)...
Saving Green Hill 1 (Layers A+B)...
System.IndexOutOfRangeException: Index was outside the bounds of the array.
  at SonicRetro.SonLVL.GUI.MainForm.TilePicture_MouseMove (System.Object sender, System.Windows.Forms.MouseEventArgs e) [0x0006c] in <7c6de25bf60e46838b82cb7015a1ef31>:0 
  at System.Windows.Forms.Control.OnMouseMove (System.Windows.Forms.MouseEventArgs e) [0x0001c] in <a3daa9b84fd241a497578a25f68bc3c7>:0 
  at System.Windows.Forms.Control.WmMouseMove (System.Windows.Forms.Message& m) [0x000ae] in <a3daa9b84fd241a497578a25f68bc3c7>:0 
  at System.Windows.Forms.Control.WndProc (System.Windows.Forms.Message& m) [0x001c7] in <a3daa9b84fd241a497578a25f68bc3c7>:0 
  at System.Windows.Forms.ScrollableControl.WndProc (System.Windows.Forms.Message& m) [0x00000] in <a3daa9b84fd241a497578a25f68bc3c7>:0 
  at System.Windows.Forms.Control+ControlWindowTarget.OnMessage (System.Windows.Forms.Message& m) [0x00000] in <a3daa9b84fd241a497578a25f68bc3c7>:0 
  at System.Windows.Forms.Control+ControlNativeWindow.WndProc (System.Windows.Forms.Message& m) [0x0000b] in <a3daa9b84fd241a497578a25f68bc3c7>:0 
  at System.Windows.Forms.NativeWindow.WndProc (System.IntPtr hWnd, System.Windows.Forms.Msg msg, System.IntPtr wParam, System.IntPtr lParam) [0x0008e] in <a3daa9b84fd241a497578a25f68bc3c7>:0 
System.IndexOutOfRangeException: Index was outside the bounds of the array.
  at SonicRetro.SonLVL.GUI.MainForm.TilePicture_MouseDown (System.Object sender, System.Windows.Forms.MouseEventArgs e) [0x0007b] in <7c6de25bf60e46838b82cb7015a1ef31>:0 
  at System.Windows.Forms.Control.OnMouseDown (System.Windows.Forms.MouseEventArgs e) [0x0001c] in <a3daa9b84fd241a497578a25f68bc3c7>:0 
  at System.Windows.Forms.Control.WmRButtonDown (System.Windows.Forms.Message& m) [0x00072] in <a3daa9b84fd241a497578a25f68bc3c7>:0 
  at System.Windows.Forms.Control.WndProc (System.Windows.Forms.Message& m) [0x001a7] in <a3daa9b84fd241a497578a25f68bc3c7>:0 
  at System.Windows.Forms.ScrollableControl.WndProc (System.Windows.Forms.Message& m) [0x00000] in <a3daa9b84fd241a497578a25f68bc3c7>:0 
  at System.Windows.Forms.Control+ControlWindowTarget.OnMessage (System.Windows.Forms.Message& m) [0x00000] in <a3daa9b84fd241a497578a25f68bc3c7>:0 
  at System.Windows.Forms.Control+ControlNativeWindow.WndProc (System.Windows.Forms.Message& m) [0x0000b] in <a3daa9b84fd241a497578a25f68bc3c7>:0 
  at System.Windows.Forms.NativeWindow.WndProc (System.IntPtr hWnd, System.Windows.Forms.Msg msg, System.IntPtr wParam, System.IntPtr lParam) [0x0008e] in <a3daa9b84fd241a497578a25f68bc3c7>:0 
System.IndexOutOfRangeException: Index was outside the bounds of the array.
  at SonicRetro.SonLVL.GUI.MainForm.TilePicture_MouseDown (System.Object sender, System.Windows.Forms.MouseEventArgs e) [0x0007b] in <7c6de25bf60e46838b82cb7015a1ef31>:0 
  at System.Windows.Forms.Control.OnMouseDown (System.Windows.Forms.MouseEventArgs e) [0x0001c] in <a3daa9b84fd241a497578a25f68bc3c7>:0 
  at System.Windows.Forms.Control.WmRButtonDown (System.Windows.Forms.Message& m) [0x00072] in <a3daa9b84fd241a497578a25f68bc3c7>:0 
  at System.Windows.Forms.Control.WndProc (System.Windows.Forms.Message& m) [0x001a7] in <a3daa9b84fd241a497578a25f68bc3c7>:0 
  at System.Windows.Forms.ScrollableControl.WndProc (System.Windows.Forms.Message& m) [0x00000] in <a3daa9b84fd241a497578a25f68bc3c7>:0 
  at System.Windows.Forms.Control+ControlWindowTarget.OnMessage (System.Windows.Forms.Message& m) [0x00000] in <a3daa9b84fd241a497578a25f68bc3c7>:0 
  at System.Windows.Forms.Control+ControlNativeWindow.WndProc (System.Windows.Forms.Message& m) [0x0000b] in <a3daa9b84fd241a497578a25f68bc3c7>:0 
  at System.Windows.Forms.NativeWindow.WndProc (System.IntPtr hWnd, System.Windows.Forms.Msg msg, System.IntPtr wParam, System.IntPtr lParam) [0x0008e] in <a3daa9b84fd241a497578a25f68bc3c7>:0 
Loading Green Hill 1 (Layers A+B)...
Loading 256x256 chunks from file "Data/Chunks/chunks GHZ.kos", using compression Kosinski...
Loading palette file "Data/Palettes/Sonic TEMP.bin"...
Source: 0 Destination: 0 Length: 16
Loading 8x8 tiles from file "Data/Art/artlvl GHZ1.nem", using compression Nemesis...
Loading 16x16 blocks from file "Data/Blocks/blks GHZ.bin", using compression Uncompressed...
Loading FG layout from file "Layout/GHZ/GHZ1_A.bin", using compression Uncompressed...
Loading BG layout from file "Layout/GHZ/GHZ1_B.bin", using compression Uncompressed...
Loading palette file "Data/Palettes/Green Hill.bin"...
Source: 0 Destination: 16 Length: 48
Loading FG layout from file "Layout/GHZ/GHZ1_Z.bin", using compression Uncompressed...
Loading 8x8 tiles from file "Data/Art/artlvl GHZ2.nem", using compression Nemesis...
Loading objects from file "Objects/Layout/GHZ1_A.bin", using compression Uncompressed...
Drawing block bitmaps...
Drawing chunk bitmaps...
Level loaded in 0.1893292 second(s).
Load completed.
System.IndexOutOfRangeException: Index was outside the bounds of the array.
  at SonicRetro.SonLVL.GUI.MainForm.TilePicture_MouseMove (System.Object sender, System.Windows.Forms.MouseEventArgs e) [0x0006c] in <7c6de25bf60e46838b82cb7015a1ef31>:0 
  at System.Windows.Forms.Control.OnMouseMove (System.Windows.Forms.MouseEventArgs e) [0x0001c] in <a3daa9b84fd241a497578a25f68bc3c7>:0 
  at System.Windows.Forms.Control.WmMouseMove (System.Windows.Forms.Message& m) [0x000ae] in <a3daa9b84fd241a497578a25f68bc3c7>:0 
  at System.Windows.Forms.Control.WndProc (System.Windows.Forms.Message& m) [0x001c7] in <a3daa9b84fd241a497578a25f68bc3c7>:0 
  at System.Windows.Forms.ScrollableControl.WndProc (System.Windows.Forms.Message& m) [0x00000] in <a3daa9b84fd241a497578a25f68bc3c7>:0 
  at System.Windows.Forms.Control+ControlWindowTarget.OnMessage (System.Windows.Forms.Message& m) [0x00000] in <a3daa9b84fd241a497578a25f68bc3c7>:0 
  at System.Windows.Forms.Control+ControlNativeWindow.WndProc (System.Windows.Forms.Message& m) [0x0000b] in <a3daa9b84fd241a497578a25f68bc3c7>:0 
  at System.Windows.Forms.NativeWindow.WndProc (System.IntPtr hWnd, System.Windows.Forms.Msg msg, System.IntPtr wParam, System.IntPtr lParam) [0x0008e] in <a3daa9b84fd241a497578a25f68bc3c7>:0 
Loading Green Hill 1 (Layers A+B)...
Loading 16x16 blocks from file "Data/Blocks/blks GHZ.bin", using compression Uncompressed...
Loading 256x256 chunks from file "Data/Chunks/chunks GHZ.kos", using compression Kosinski...
Loading FG layout from file "Layout/GHZ/GHZ1_A.bin", using compression Uncompressed...
Loading BG layout from file "Layout/GHZ/GHZ1_B.bin", using compression Uncompressed...
Loading 8x8 tiles from file "Data/Art/artlvl GHZ1.nem", using compression Nemesis...
Loading palette file "Data/Palettes/Sonic TEMP.bin"...
Source: 0 Destination: 0 Length: 16
Loading palette file "Data/Palettes/Green Hill.bin"...
Source: 0 Destination: 16 Length: 48
Loading FG layout from file "Layout/GHZ/GHZ1_Z.bin", using compression Uncompressed...
Loading 8x8 tiles from file "Data/Art/artlvl GHZ2.nem", using compression Nemesis...
Loading objects from file "Objects/Layout/GHZ1_A.bin", using compression Uncompressed...
Drawing block bitmaps...
Drawing chunk bitmaps...
Level loaded in 0.1932902 second(s).
Load completed.
Saving Green Hill 1 (Layers A+B)...
Loading Green Hill 1 (Layers A+B)...
Loading 16x16 blocks from file "Data/Blocks/blks GHZ.bin", using compression Uncompressed...
Loading 256x256 chunks from file "Data/Chunks/chunks GHZ.kos", using compression Kosinski...
Loading 8x8 tiles from file "Data/Art/artlvl GHZ1.nem", using compression Nemesis...
Loading FG layout from file "Layout/GHZ/GHZ1_A.bin", using compression Uncompressed...
Loading BG layout from file "Layout/GHZ/GHZ1_B.bin", using compression Uncompressed...
Loading palette file "Data/Palettes/Sonic TEMP.bin"...
Source: 0 Destination: 0 Length: 16
Loading palette file "Data/Palettes/Green Hill.bin"...
Source: 0 Destination: 16 Length: 48
Loading FG layout from file "Layout/GHZ/GHZ1_Z.bin", using compression Uncompressed...
Loading 8x8 tiles from file "Data/Art/artlvl GHZ2.nem", using compression Nemesis...
Loading objects from file "Objects/Layout/GHZ1_A.bin", using compression Uncompressed...
Drawing block bitmaps...
Drawing chunk bitmaps...
Level loaded in 0.2223768 second(s).
Load completed.
Saving Green Hill 1 (Layers A+B)...
Saving Green Hill 1 (Layers A+B)...
Loading Green Hill 1 (Layer Z)...
Loading 8x8 tiles from file "Data/Art/artlvl GHZ1.nem", using compression Nemesis...
Loading 16x16 blocks from file "Data/Blocks/blks GHZ.bin", using compression Uncompressed...
Loading palette file "Data/Palettes/Sonic TEMP.bin"...
Source: 0 Destination: 0 Length: 16
Loading FG layout from file "Layout/GHZ/GHZ1_Z.bin", using compression Uncompressed...
Loading 256x256 chunks from file "Data/Chunks/chunks GHZ.kos", using compression Kosinski...
Loading BG layout from file "Layout/GHZ/GHZ1_B.bin", using compression Uncompressed...
Loading palette file "Data/Palettes/Green Hill.bin"...
Source: 0 Destination: 16 Length: 48
Loading FG layout from file "Layout/GHZ/GHZ1_A.bin", using compression Uncompressed...
Loading 8x8 tiles from file "Data/Art/artlvl GHZ2.nem", using compression Nemesis...
Loading objects from file "Objects/Layout/GHZ/GHZ1_Z.bin", using compression Uncompressed...
Drawing block bitmaps...
Drawing chunk bitmaps...
Level loaded in 0.1986856 second(s).
Load completed.
Loading Green Hill 1 (Layers A+B)...
Loading palette file "Data/Palettes/Sonic TEMP.bin"...
Source: 0 Destination: 0 Length: 16
Loading 8x8 tiles from file "Data/Art/artlvl GHZ1.nem", using compression Nemesis...
Loading 256x256 chunks from file "Data/Chunks/chunks GHZ.kos", using compression Kosinski...
Loading FG layout from file "Layout/GHZ/GHZ1_A.bin", using compression Uncompressed...
Loading 16x16 blocks from file "Data/Blocks/blks GHZ.bin", using compression Uncompressed...
Loading BG layout from file "Layout/GHZ/GHZ1_B.bin", using compression Uncompressed...
Loading palette file "Data/Palettes/Green Hill.bin"...
Source: 0 Destination: 16 Length: 48
Loading FG layout from file "Layout/GHZ/GHZ1_Z.bin", using compression Uncompressed...
Loading 8x8 tiles from file "Data/Art/artlvl GHZ2.nem", using compression Nemesis...
Loading objects from file "Objects/Layout/GHZ1_A.bin", using compression Uncompressed...
Drawing block bitmaps...
Drawing chunk bitmaps...
Level loaded in 0.1987755 second(s).
Load completed.
Loading Green Hill 1 (Layer Z)...
Loading 8x8 tiles from file "Data/Art/artlvl GHZ1.nem", using compression Nemesis...
Loading 16x16 blocks from file "Data/Blocks/blks GHZ.bin", using compression Uncompressed...
Loading 256x256 chunks from file "Data/Chunks/chunks GHZ.kos", using compression Kosinski...
Loading palette file "Data/Palettes/Sonic TEMP.bin"...
Source: 0 Destination: 0 Length: 16
Loading FG layout from file "Layout/GHZ/GHZ1_Z.bin", using compression Uncompressed...
Loading palette file "Data/Palettes/Green Hill.bin"...
Source: 0 Destination: 16 Length: 48
Loading BG layout from file "Layout/GHZ/GHZ1_B.bin", using compression Uncompressed...
Loading FG layout from file "Layout/GHZ/GHZ1_A.bin", using compression Uncompressed...
Loading 8x8 tiles from file "Data/Art/artlvl GHZ2.nem", using compression Nemesis...
Loading objects from file "Objects/Layout/GHZ/GHZ1_Z.bin", using compression Uncompressed...
Drawing block bitmaps...
Drawing chunk bitmaps...
Level loaded in 0.2254626 second(s).
Load completed.
Opening INI file "/home/katsushimi/Documents/GitHub/Sonic 1 Mark-V Disasm/ArrisuSonic1/GM LEVEL/SonLVL.ini"...
Game type is S1.
Loading Green Hill 1 (Layer Z)...
Loading 8x8 tiles from file "Data/Art/artlvl GHZ1.nem", using compression Nemesis...
Loading palette file "Data/Palettes/Sonic TEMP.bin"...
Source: 0 Destination: 0 Length: 16
Loading 256x256 chunks from file "Data/Chunks/chunks GHZ.kos", using compression Kosinski...
Loading palette file "Data/Palettes/Green Hill.bin"...
Source: 0 Destination: 16 Length: 48
Loading FG layout from file "Layout/GHZ/GHZ1_Z.bin", using compression Uncompressed...
Loading 16x16 blocks from file "Data/Blocks/blks GHZ.bin", using compression Uncompressed...
Loading BG layout from file "Layout/GHZ/GHZ1_B.bin", using compression Uncompressed...
Loading FG layout from file "Layout/GHZ/GHZ1_A.bin", using compression Uncompressed...
Loading 8x8 tiles from file "Data/Art/artlvl GHZ2.nem", using compression Nemesis...
Loading object definition file "objGHZ.ini".
Loading objects from file "Objects/Layout/GHZ/GHZ1_Z.bin", using compression Uncompressed...
Drawing block bitmaps...
Drawing chunk bitmaps...
Level loaded in 0.1959933 second(s).
Load completed.
Opening INI file "/home/katsushimi/Documents/GitHub/Sonic 1 Mark-V Disasm/ArrisuSonic1/GM LEVEL/SonLVL.ini"...
Game type is S1.
Loading Green Hill 1 (Layer Z)...
Loading 8x8 tiles from file "Data/Art/artlvl GHZ1.nem", using compression Nemesis...
Loading 256x256 chunks from file "Data/Chunks/chunks GHZ.kos", using compression Kosinski...
Loading palette file "Data/Palettes/Sonic TEMP.bin"...
Source: 0 Destination: 0 Length: 16
Loading palette file "Data/Palettes/Green Hill.bin"...
Source: 0 Destination: 16 Length: 48
Loading 16x16 blocks from file "Data/Blocks/blks GHZ.bin", using compression Uncompressed...
Loading FG layout from file "Layout/GHZ/GHZ1_Z.bin", using compression Uncompressed...
Loading BG layout from file "Layout/GHZ/GHZ1_B.bin", using compression Uncompressed...
Loading FG layout from file "Layout/GHZ/GHZ1_A.bin", using compression Uncompressed...
Loading 8x8 tiles from file "Data/Art/artlvl GHZ2.nem", using compression Nemesis...
Loading object definition file "objGHZ.ini".
Loading objects from file "Objects/Layout/GHZ/GHZ1_Z.bin", using compression Uncompressed...
Drawing block bitmaps...
Drawing chunk bitmaps...
Level loaded in 0.2405198 second(s).
Load completed.
Saving Green Hill 1 (Layer Z)...
Saving Green Hill 1 (Layer Z)...
Saving Green Hill 1 (Layer Z)...
Saving Green Hill 1 (Layer Z)...
System.NullReferenceException: Object reference not set to an instance of an object
  at SonicRetro.SonLVL.GUI.MainForm.pasteToolStripMenuItem_Click (System.Object sender, System.EventArgs e) [0x00044] in <7c6de25bf60e46838b82cb7015a1ef31>:0 
  at System.Windows.Forms.ToolStripItem.OnClick (System.EventArgs e) [0x0001c] in <a3daa9b84fd241a497578a25f68bc3c7>:0 
  at System.Windows.Forms.ToolStripMenuItem.OnClick (System.EventArgs e) [0x000a5] in <a3daa9b84fd241a497578a25f68bc3c7>:0 
  at System.Windows.Forms.ToolStripMenuItem.HandleClick (System.Int32 mouse_clicks, System.EventArgs e) [0x00000] in <a3daa9b84fd241a497578a25f68bc3c7>:0 
  at System.Windows.Forms.ToolStripItem.FireEvent (System.EventArgs e, System.Windows.Forms.ToolStripItemEventType met) [0x00061] in <a3daa9b84fd241a497578a25f68bc3c7>:0 
  at (wrapper remoting-invoke-with-check) System.Windows.Forms.ToolStripItem.FireEvent(System.EventArgs,System.Windows.Forms.ToolStripItemEventType)
  at System.Windows.Forms.ToolStrip.OnMouseUp (System.Windows.Forms.MouseEventArgs mea) [0x00057] in <a3daa9b84fd241a497578a25f68bc3c7>:0 
  at System.Windows.Forms.ToolStripDropDown.OnMouseUp (System.Windows.Forms.MouseEventArgs mea) [0x00000] in <a3daa9b84fd241a497578a25f68bc3c7>:0 
  at System.Windows.Forms.Control.WmLButtonUp (System.Windows.Forms.Message& m) [0x0007e] in <a3daa9b84fd241a497578a25f68bc3c7>:0 
  at System.Windows.Forms.Control.WndProc (System.Windows.Forms.Message& m) [0x0016f] in <a3daa9b84fd241a497578a25f68bc3c7>:0 
  at System.Windows.Forms.ScrollableControl.WndProc (System.Windows.Forms.Message& m) [0x00000] in <a3daa9b84fd241a497578a25f68bc3c7>:0 
  at System.Windows.Forms.ToolStrip.WndProc (System.Windows.Forms.Message& m) [0x00000] in <a3daa9b84fd241a497578a25f68bc3c7>:0 
  at System.Windows.Forms.ToolStripDropDown.WndProc (System.Windows.Forms.Message& m) [0x0001a] in <a3daa9b84fd241a497578a25f68bc3c7>:0 
  at System.Windows.Forms.Control+ControlWindowTarget.OnMessage (System.Windows.Forms.Message& m) [0x00000] in <a3daa9b84fd241a497578a25f68bc3c7>:0 
  at System.Windows.Forms.Control+ControlNativeWindow.WndProc (System.Windows.Forms.Message& m) [0x0000b] in <a3daa9b84fd241a497578a25f68bc3c7>:0 
  at System.Windows.Forms.NativeWindow.WndProc (System.IntPtr hWnd, System.Windows.Forms.Msg msg, System.IntPtr wParam, System.IntPtr lParam) [0x0008e] in <a3daa9b84fd241a497578a25f68bc3c7>:0 
Saving Green Hill 1 (Layer Z)...
Saving Green Hill 1 (Layer Z)...
Saving Green Hill 1 (Layer Z)...
Saving Green Hill 1 (Layer Z)...
Saving Green Hill 1 (Layer Z)...
Saving Green Hill 1 (Layer Z)...
Saving Green Hill 1 (Layer Z)...
Saving Green Hill 1 (Layer Z)...
Saving Green Hill 1 (Layer Z)...
Saving Green Hill 1 (Layer Z)...
Saving Green Hill 1 (Layer Z)...
System.NullReferenceException: Object reference not set to an instance of an object
  at SonicRetro.SonLVL.GUI.MainForm.pasteToolStripMenuItem_Click (System.Object sender, System.EventArgs e) [0x00044] in <7c6de25bf60e46838b82cb7015a1ef31>:0 
  at SonicRetro.SonLVL.GUI.MainForm.objectPanel_KeyDown (System.Object sender, System.Windows.Forms.KeyEventArgs e) [0x0054f] in <7c6de25bf60e46838b82cb7015a1ef31>:0 
  at (wrapper delegate-invoke) <Module>.invoke_void_object_KeyEventArgs(object,System.Windows.Forms.KeyEventArgs)
  at SonicRetro.SonLVL.ScrollingPanel.panel_KeyDown (System.Object sender, System.Windows.Forms.KeyEventArgs e) [0x00000] in <7c6de25bf60e46838b82cb7015a1ef31>:0 
  at System.Windows.Forms.Control.OnKeyDown (System.Windows.Forms.KeyEventArgs e) [0x0001c] in <a3daa9b84fd241a497578a25f68bc3c7>:0 
  at System.Windows.Forms.Control.ProcessKeyEventArgs (System.Windows.Forms.Message& m) [0x0004e] in <a3daa9b84fd241a497578a25f68bc3c7>:0 
  at System.Windows.Forms.Control.ProcessKeyMessage (System.Windows.Forms.Message& m) [0x0001e] in <a3daa9b84fd241a497578a25f68bc3c7>:0 
  at System.Windows.Forms.Control.WmKeys (System.Windows.Forms.Message& m) [0x00000] in <a3daa9b84fd241a497578a25f68bc3c7>:0 
  at System.Windows.Forms.Control.WndProc (System.Windows.Forms.Message& m) [0x001ff] in <a3daa9b84fd241a497578a25f68bc3c7>:0 
  at System.Windows.Forms.ScrollableControl.WndProc (System.Windows.Forms.Message& m) [0x00000] in <a3daa9b84fd241a497578a25f68bc3c7>:0 
  at System.Windows.Forms.ContainerControl.WndProc (System.Windows.Forms.Message& m) [0x0003c] in <a3daa9b84fd241a497578a25f68bc3c7>:0 
  at System.Windows.Forms.UserControl.WndProc (System.Windows.Forms.Message& m) [0x00036] in <a3daa9b84fd241a497578a25f68bc3c7>:0 
  at System.Windows.Forms.Control+ControlWindowTarget.OnMessage (System.Windows.Forms.Message& m) [0x00000] in <a3daa9b84fd241a497578a25f68bc3c7>:0 
  at System.Windows.Forms.Control+ControlNativeWindow.WndProc (System.Windows.Forms.Message& m) [0x0000b] in <a3daa9b84fd241a497578a25f68bc3c7>:0 
  at System.Windows.Forms.NativeWindow.WndProc (System.IntPtr hWnd, System.Windows.Forms.Msg msg, System.IntPtr wParam, System.IntPtr lParam) [0x0008e] in <a3daa9b84fd241a497578a25f68bc3c7>:0 
Saving Green Hill 1 (Layer Z)...
Saving Green Hill 1 (Layer Z)...
Saving Green Hill 1 (Layer Z)...
Saving Green Hill 1 (Layer Z)...
Saving Green Hill 1 (Layer Z)...
Saving Green Hill 1 (Layer Z)...
Loading Green Hill 1 (Layers A+B)...
Loading 8x8 tiles from file "Data/Art/artlvl GHZ1.nem", using compression Nemesis...
Loading 16x16 blocks from file "Data/Blocks/blks GHZ.bin", using compression Uncompressed...
Loading 256x256 chunks from file "Data/Chunks/chunks GHZ.kos", using compression Kosinski...
Loading FG layout from file "Layout/GHZ/GHZ1_A.bin", using compression Uncompressed...
Loading BG layout from file "Layout/GHZ/GHZ1_B.bin", using compression Uncompressed...
Loading palette file "Data/Palettes/Sonic TEMP.bin"...
Source: 0 Destination: 0 Length: 16
Loading palette file "Data/Palettes/Green Hill.bin"...
Source: 0 Destination: 16 Length: 48
Loading FG layout from file "Layout/GHZ/GHZ1_Z.bin", using compression Uncompressed...
Loading 8x8 tiles from file "Data/Art/artlvl GHZ2.nem", using compression Nemesis...
Loading objects from file "Objects/Layout/GHZ1_A.bin", using compression Uncompressed...
Drawing block bitmaps...
Drawing chunk bitmaps...
Level loaded in 0.2708003 second(s).
Load completed.
Saving Green Hill 1 (Layers A+B)...
System.IndexOutOfRangeException: Index was outside the bounds of the array.
  at SonicRetro.SonLVL.GUI.MainForm.TilePicture_MouseDown (System.Object sender, System.Windows.Forms.MouseEventArgs e) [0x00047] in <7c6de25bf60e46838b82cb7015a1ef31>:0 
  at System.Windows.Forms.Control.OnMouseDown (System.Windows.Forms.MouseEventArgs e) [0x0001c] in <a3daa9b84fd241a497578a25f68bc3c7>:0 
  at System.Windows.Forms.Control.WmLButtonDown (System.Windows.Forms.Message& m) [0x00097] in <a3daa9b84fd241a497578a25f68bc3c7>:0 
  at System.Windows.Forms.Control.WndProc (System.Windows.Forms.Message& m) [0x00177] in <a3daa9b84fd241a497578a25f68bc3c7>:0 
  at System.Windows.Forms.ScrollableControl.WndProc (System.Windows.Forms.Message& m) [0x00000] in <a3daa9b84fd241a497578a25f68bc3c7>:0 
  at System.Windows.Forms.Control+ControlWindowTarget.OnMessage (System.Windows.Forms.Message& m) [0x00000] in <a3daa9b84fd241a497578a25f68bc3c7>:0 
  at System.Windows.Forms.Control+ControlNativeWindow.WndProc (System.Windows.Forms.Message& m) [0x0000b] in <a3daa9b84fd241a497578a25f68bc3c7>:0 
  at System.Windows.Forms.NativeWindow.WndProc (System.IntPtr hWnd, System.Windows.Forms.Msg msg, System.IntPtr wParam, System.IntPtr lParam) [0x0008e] in <a3daa9b84fd241a497578a25f68bc3c7>:0 
System.NullReferenceException: Object reference not set to an instance of an object
  at SonicRetro.SonLVL.GUI.MainForm.PasteLayoutSectionOnce (SonicRetro.SonLVL.GUI.LayoutSection section) [0x000ab] in <7c6de25bf60e46838b82cb7015a1ef31>:0 
  at SonicRetro.SonLVL.GUI.MainForm.pasteOnceToolStripMenuItem_Click (System.Object sender, System.EventArgs e) [0x0001a] in <7c6de25bf60e46838b82cb7015a1ef31>:0 
  at System.Windows.Forms.ToolStripItem.OnClick (System.EventArgs e) [0x0001c] in <a3daa9b84fd241a497578a25f68bc3c7>:0 
  at System.Windows.Forms.ToolStripMenuItem.OnClick (System.EventArgs e) [0x000a5] in <a3daa9b84fd241a497578a25f68bc3c7>:0 
  at System.Windows.Forms.ToolStripMenuItem.HandleClick (System.Int32 mouse_clicks, System.EventArgs e) [0x00000] in <a3daa9b84fd241a497578a25f68bc3c7>:0 
  at System.Windows.Forms.ToolStripItem.FireEvent (System.EventArgs e, System.Windows.Forms.ToolStripItemEventType met) [0x00061] in <a3daa9b84fd241a497578a25f68bc3c7>:0 
  at (wrapper remoting-invoke-with-check) System.Windows.Forms.ToolStripItem.FireEvent(System.EventArgs,System.Windows.Forms.ToolStripItemEventType)
  at System.Windows.Forms.ToolStrip.OnMouseUp (System.Windows.Forms.MouseEventArgs mea) [0x00057] in <a3daa9b84fd241a497578a25f68bc3c7>:0 
  at System.Windows.Forms.ToolStripDropDown.OnMouseUp (System.Windows.Forms.MouseEventArgs mea) [0x00000] in <a3daa9b84fd241a497578a25f68bc3c7>:0 
  at System.Windows.Forms.Control.WmLButtonUp (System.Windows.Forms.Message& m) [0x0007e] in <a3daa9b84fd241a497578a25f68bc3c7>:0 
  at System.Windows.Forms.Control.WndProc (System.Windows.Forms.Message& m) [0x0016f] in <a3daa9b84fd241a497578a25f68bc3c7>:0 
  at System.Windows.Forms.ScrollableControl.WndProc (System.Windows.Forms.Message& m) [0x00000] in <a3daa9b84fd241a497578a25f68bc3c7>:0 
  at System.Windows.Forms.ToolStrip.WndProc (System.Windows.Forms.Message& m) [0x00000] in <a3daa9b84fd241a497578a25f68bc3c7>:0 
  at System.Windows.Forms.ToolStripDropDown.WndProc (System.Windows.Forms.Message& m) [0x0001a] in <a3daa9b84fd241a497578a25f68bc3c7>:0 
  at System.Windows.Forms.Control+ControlWindowTarget.OnMessage (System.Windows.Forms.Message& m) [0x00000] in <a3daa9b84fd241a497578a25f68bc3c7>:0 
  at System.Windows.Forms.Control+ControlNativeWindow.WndProc (System.Windows.Forms.Message& m) [0x0000b] in <a3daa9b84fd241a497578a25f68bc3c7>:0 
  at System.Windows.Forms.NativeWindow.WndProc (System.IntPtr hWnd, System.Windows.Forms.Msg msg, System.IntPtr wParam, System.IntPtr lParam) [0x0008e] in <a3daa9b84fd241a497578a25f68bc3c7>:0 
System.IndexOutOfRangeException: Index was outside the bounds of the array.
  at SonicRetro.SonLVL.GUI.MainForm.TilePicture_MouseDown (System.Object sender, System.Windows.Forms.MouseEventArgs e) [0x0007b] in <7c6de25bf60e46838b82cb7015a1ef31>:0 
  at System.Windows.Forms.Control.OnMouseDown (System.Windows.Forms.MouseEventArgs e) [0x0001c] in <a3daa9b84fd241a497578a25f68bc3c7>:0 
  at System.Windows.Forms.Control.WmRButtonDown (System.Windows.Forms.Message& m) [0x00072] in <a3daa9b84fd241a497578a25f68bc3c7>:0 
  at System.Windows.Forms.Control.WndProc (System.Windows.Forms.Message& m) [0x001a7] in <a3daa9b84fd241a497578a25f68bc3c7>:0 
  at System.Windows.Forms.ScrollableControl.WndProc (System.Windows.Forms.Message& m) [0x00000] in <a3daa9b84fd241a497578a25f68bc3c7>:0 
  at System.Windows.Forms.Control+ControlWindowTarget.OnMessage (System.Windows.Forms.Message& m) [0x00000] in <a3daa9b84fd241a497578a25f68bc3c7>:0 
  at System.Windows.Forms.Control+ControlNativeWindow.WndProc (System.Windows.Forms.Message& m) [0x0000b] in <a3daa9b84fd241a497578a25f68bc3c7>:0 
  at System.Windows.Forms.NativeWindow.WndProc (System.IntPtr hWnd, System.Windows.Forms.Msg msg, System.IntPtr wParam, System.IntPtr lParam) [0x0008e] in <a3daa9b84fd241a497578a25f68bc3c7>:0 
System.IndexOutOfRangeException: Index was outside the bounds of the array.
  at SonicRetro.SonLVL.GUI.MainForm.TilePicture_MouseDown (System.Object sender, System.Windows.Forms.MouseEventArgs e) [0x0007b] in <7c6de25bf60e46838b82cb7015a1ef31>:0 
  at System.Windows.Forms.Control.OnMouseDown (System.Windows.Forms.MouseEventArgs e) [0x0001c] in <a3daa9b84fd241a497578a25f68bc3c7>:0 
  at System.Windows.Forms.Control.WmRButtonDown (System.Windows.Forms.Message& m) [0x00072] in <a3daa9b84fd241a497578a25f68bc3c7>:0 
  at System.Windows.Forms.Control.WndProc (System.Windows.Forms.Message& m) [0x001a7] in <a3daa9b84fd241a497578a25f68bc3c7>:0 
  at System.Windows.Forms.ScrollableControl.WndProc (System.Windows.Forms.Message& m) [0x00000] in <a3daa9b84fd241a497578a25f68bc3c7>:0 
  at System.Windows.Forms.Control+ControlWindowTarget.OnMessage (System.Windows.Forms.Message& m) [0x00000] in <a3daa9b84fd241a497578a25f68bc3c7>:0 
  at System.Windows.Forms.Control+ControlNativeWindow.WndProc (System.Windows.Forms.Message& m) [0x0000b] in <a3daa9b84fd241a497578a25f68bc3c7>:0 
  at System.Windows.Forms.NativeWindow.WndProc (System.IntPtr hWnd, System.Windows.Forms.Msg msg, System.IntPtr wParam, System.IntPtr lParam) [0x0008e] in <a3daa9b84fd241a497578a25f68bc3c7>:0 
